<?xml version="1.0" encoding="UTF-8"?>
<!-- Generated by org.testng.reporters.JUnitReportReporter -->
<testsuite skipped="0" hostname="TL0017" name="testcase.RunnerClass" tests="1" failures="0" timestamp="2023-07-15T10:19:52 IST" time="9.784" errors="0">
  <testcase name="runScenario" time="9.784" classname="testcase.RunnerClass"/>
  <system-out/>
</testsuite> <!-- testcase.RunnerClass -->
