<?xml version="1.0" encoding="UTF-8"?>
<!-- Generated by org.testng.reporters.JUnitReportReporter -->
<testsuite skipped="0" hostname="TL0017" name="testcase.VerifyCreateLead" tests="2" failures="0" timestamp="2023-07-15T12:39:23 IST" time="68.200" errors="0">
  <testcase name="verifyLoginFunctality" time="35.037" classname="testcase.VerifyCreateLead"/>
  <system-out/>
  <testcase name="verifyLoginFunctality" time="33.163" classname="testcase.VerifyCreateLead"/>
  <system-out/>
</testsuite> <!-- testcase.VerifyCreateLead -->
