<?xml version="1.0" encoding="UTF-8"?>
<!-- Generated by org.testng.reporters.JUnitReportReporter -->
<testsuite skipped="0" hostname="TL0017" name="testcase.VerifyLogin" tests="1" failures="0" timestamp="2023-07-09T12:56:57 IST" time="101.254" errors="0">
  <testcase name="verifyLoginFunctality" time="101.254" classname="testcase.VerifyLogin"/>
  <system-out/>
</testsuite> <!-- testcase.VerifyLogin -->
